Determining if the pthread_create exist failed with the following output:
Change Dir: /home/wang/Github/trajopt/build_trajopt/CMakeFiles/CMakeTmp

Run Build Command:"/usr/bin/make" "cmTC_ef36d/fast"
/usr/bin/make -f CMakeFiles/cmTC_ef36d.dir/build.make CMakeFiles/cmTC_ef36d.dir/build
make[1]: Entering directory '/home/wang/Github/trajopt/build_trajopt/CMakeFiles/CMakeTmp'
Building C object CMakeFiles/cmTC_ef36d.dir/CheckSymbolExists.c.o
/usr/bin/cc     -o CMakeFiles/cmTC_ef36d.dir/CheckSymbolExists.c.o   -c /home/wang/Github/trajopt/build_trajopt/CMakeFiles/CMakeTmp/CheckSymbolExists.c
Linking C executable cmTC_ef36d
/usr/bin/cmake -E cmake_link_script CMakeFiles/cmTC_ef36d.dir/link.txt --verbose=1
/usr/bin/cc       CMakeFiles/cmTC_ef36d.dir/CheckSymbolExists.c.o  -o cmTC_ef36d -rdynamic 
CMakeFiles/cmTC_ef36d.dir/CheckSymbolExists.c.o: In function `main':
CheckSymbolExists.c:(.text+0x16): undefined reference to `pthread_create'
collect2: error: ld returned 1 exit status
CMakeFiles/cmTC_ef36d.dir/build.make:97: recipe for target 'cmTC_ef36d' failed
make[1]: *** [cmTC_ef36d] Error 1
make[1]: Leaving directory '/home/wang/Github/trajopt/build_trajopt/CMakeFiles/CMakeTmp'
Makefile:126: recipe for target 'cmTC_ef36d/fast' failed
make: *** [cmTC_ef36d/fast] Error 2

File /home/wang/Github/trajopt/build_trajopt/CMakeFiles/CMakeTmp/CheckSymbolExists.c:
/* */
#include <pthread.h>

int main(int argc, char** argv)
{
  (void)argv;
#ifndef pthread_create
  return ((int*)(&pthread_create))[argc];
#else
  (void)argc;
  return 0;
#endif
}

Determining if the function pthread_create exists in the pthreads failed with the following output:
Change Dir: /home/wang/Github/trajopt/build_trajopt/CMakeFiles/CMakeTmp

Run Build Command:"/usr/bin/make" "cmTC_0a058/fast"
/usr/bin/make -f CMakeFiles/cmTC_0a058.dir/build.make CMakeFiles/cmTC_0a058.dir/build
make[1]: Entering directory '/home/wang/Github/trajopt/build_trajopt/CMakeFiles/CMakeTmp'
Building C object CMakeFiles/cmTC_0a058.dir/CheckFunctionExists.c.o
/usr/bin/cc    -DCHECK_FUNCTION_EXISTS=pthread_create   -o CMakeFiles/cmTC_0a058.dir/CheckFunctionExists.c.o   -c /usr/share/cmake-3.5/Modules/CheckFunctionExists.c
Linking C executable cmTC_0a058
/usr/bin/cmake -E cmake_link_script CMakeFiles/cmTC_0a058.dir/link.txt --verbose=1
/usr/bin/cc   -DCHECK_FUNCTION_EXISTS=pthread_create    CMakeFiles/cmTC_0a058.dir/CheckFunctionExists.c.o  -o cmTC_0a058 -rdynamic -lpthreads 
/usr/bin/ld: cannot find -lpthreads
collect2: error: ld returned 1 exit status
CMakeFiles/cmTC_0a058.dir/build.make:97: recipe for target 'cmTC_0a058' failed
make[1]: *** [cmTC_0a058] Error 1
make[1]: Leaving directory '/home/wang/Github/trajopt/build_trajopt/CMakeFiles/CMakeTmp'
Makefile:126: recipe for target 'cmTC_0a058/fast' failed
make: *** [cmTC_0a058/fast] Error 2


